<?xml version="1.0" encoding="UTF-8"?>
<testng-results skipped="0" failed="0" ignored="0" total="1" passed="1">
  <reporter-output>
    <line>
      <![CDATA[Setting up reports and Test is getting ready ]]>
    </line>
    <line>
      <![CDATA[Setting Done and Test can be Started]]>
    </line>
    <line>
      <![CDATA[Trying to start browser and Getting application ready ]]>
    </line>
    <line>
      <![CDATA[Browser and  Application is up and running ]]>
    </line>
    <line>
      <![CDATA[Test is about to end ]]>
    </line>
    <line>
      <![CDATA[Test Completed>>> Reports Generated ]]>
    </line>
  </reporter-output>
  <suite name="Default suite" duration-ms="12954" started-at="2021-05-10T06:13:17Z" finished-at="2021-05-10T06:13:30Z">
    <groups>
    </groups>
    <test name="Default test" duration-ms="12954" started-at="2021-05-10T06:13:17Z" finished-at="2021-05-10T06:13:30Z">
      <class name="come.learnautomation.testcases.LogintestCRM">
        <test-method status="PASS" signature="setUpSuite()[pri:0, instance:come.learnautomation.testcases.LogintestCRM@159f197]" name="setUpSuite" is-config="true" duration-ms="599" started-at="2021-05-10T06:13:17Z" finished-at="2021-05-10T06:13:17Z">
          <reporter-output>
            <line>
              <![CDATA[Setting up reports and Test is getting ready ]]>
            </line>
            <line>
              <![CDATA[Setting Done and Test can be Started]]>
            </line>
          </reporter-output>
        </test-method> <!-- setUpSuite -->
        <test-method status="PASS" signature="setup()[pri:0, instance:come.learnautomation.testcases.LogintestCRM@159f197]" name="setup" is-config="true" duration-ms="6040" started-at="2021-05-10T06:13:17Z" finished-at="2021-05-10T06:13:23Z">
          <reporter-output>
            <line>
              <![CDATA[Trying to start browser and Getting application ready ]]>
            </line>
            <line>
              <![CDATA[Browser and  Application is up and running ]]>
            </line>
          </reporter-output>
        </test-method> <!-- setup -->
        <test-method status="PASS" signature="loginApp()[pri:0, instance:come.learnautomation.testcases.LogintestCRM@159f197]" name="loginApp" duration-ms="5883" started-at="2021-05-10T06:13:23Z" finished-at="2021-05-10T06:13:29Z">
          <reporter-output>
          </reporter-output>
        </test-method> <!-- loginApp -->
        <test-method status="PASS" signature="tearDownMethod(org.testng.ITestResult)[pri:0, instance:come.learnautomation.testcases.LogintestCRM@159f197]" name="tearDownMethod" is-config="true" duration-ms="388" started-at="2021-05-10T06:13:29Z" finished-at="2021-05-10T06:13:30Z">
          <params>
            <param index="0">
              <value>
                <![CDATA[[TestResult name=loginApp status=SUCCESS method=LogintestCRM.loginApp()[pri:0, instance:come.learnautomation.testcases.LogintestCRM@159f197] output={null}]]]>
              </value>
            </param>
          </params>
          <reporter-output>
            <line>
              <![CDATA[Test is about to end ]]>
            </line>
            <line>
              <![CDATA[Test Completed>>> Reports Generated ]]>
            </line>
          </reporter-output>
        </test-method> <!-- tearDownMethod -->
        <test-method status="PASS" signature="tearup()[pri:0, instance:come.learnautomation.testcases.LogintestCRM@159f197]" name="tearup" is-config="true" duration-ms="625" started-at="2021-05-10T06:13:30Z" finished-at="2021-05-10T06:13:30Z">
          <reporter-output>
          </reporter-output>
        </test-method> <!-- tearup -->
      </class> <!-- come.learnautomation.testcases.LogintestCRM -->
    </test> <!-- Default test -->
  </suite> <!-- Default suite -->
</testng-results>
