<?xml version="1.0" encoding="UTF-8"?>
<!-- Generated by org.testng.reporters.JUnitXMLReporter -->
<testsuite hostname="TEMS-CTXHSD1" ignored="0" name="Test" tests="1" failures="1" timestamp="07 May 2021 09:24:00 GMT" time="3.585" errors="0">
  <testcase name="LoginApp" time="0.029" classname="come.learnautomation.testcases.LogintestCRM">
    <failure type="java.lang.NullPointerException">
      <![CDATA[java.lang.NullPointerException
at com.learnautomation.utilities.Exceldataprovider.getStringData(Exceldataprovider.java:35)
at come.learnautomation.testcases.LogintestCRM.LoginApp(LogintestCRM.java:22)
... Removed 25 stack frames]]>
    </failure>
  </testcase> <!-- LoginApp -->
</testsuite> <!-- Test -->
